<?xml version="1.0" encoding="UTF-8"?>
<!-- Generated by org.testng.reporters.JUnitXMLReporter -->
<testsuite hostname="EMB-BAN-168" ignored="0" name="Default test" tests="2" failures="0" timestamp="26 Jul 2018 13:54:13 GMT" time="87.098" errors="0">
  <testcase name="coverStoryForgotPassword" time="17.787" classname="com.qa.testcases.TestForgotPassword"/>
  <testcase name="coverStoryCheckoutForgotPassword" time="25.976" classname="com.qa.testcases.TestForgotPassword"/>
</testsuite> <!-- Default test -->
