<?xml version="1.0" encoding="UTF-8"?>
<!-- Generated by org.testng.reporters.JUnitXMLReporter -->
<testsuite hostname="EMB-BAN-168" ignored="0" name="Test3" tests="3" failures="0" timestamp="26 Jul 2018 08:40:37 GMT" time="143.389" errors="0">
  <testcase name="AddToWishlistQuickviewLogin" time="28.559" classname="com.qa.testcases.TestAddWishlist"/>
  <testcase name="AddToWishlistPLP" time="31.777" classname="com.qa.testcases.TestAddWishlist"/>
  <testcase name="AddToWishlistPDP" time="34.545" classname="com.qa.testcases.TestAddWishlist"/>
</testsuite> <!-- Test3 -->
