<?xml version="1.0" encoding="UTF-8"?>
<!-- Generated by org.testng.reporters.JUnitXMLReporter -->
<testsuite hostname="EMB-BAN-168" ignored="0" name="Test1" tests="5" failures="0" timestamp="25 Jul 2018 11:16:10 GMT" time="134.48" errors="0">
  <testcase name="coverStoryEmailLogin" time="12.917" classname="com.qa.testcases.TestCswLogin"/>
  <testcase name="coverStoryPhoneLogin" time="12.159" classname="com.qa.testcases.TestCswLogin"/>
  <testcase name="coverStorygoogleplusLogin" time="27.458" classname="com.qa.testcases.TestCswLogin"/>
  <testcase name="coverStoryFacebookLogin" time="22.642" classname="com.qa.testcases.TestCswLogin"/>
  <testcase name="coverStoryOTPLogin" time="11.975" classname="com.qa.testcases.TestCswLogin"/>
</testsuite> <!-- Test1 -->
