<?xml version="1.0" encoding="UTF-8"?>
<!-- Generated by org.testng.reporters.JUnitXMLReporter -->
<testsuite hostname="EMB-BAN-168" ignored="0" name="Test4" tests="3" failures="0" timestamp="26 Jul 2018 08:41:30 GMT" time="52.642" errors="0">
  <testcase name="Banner" time="1.396" classname="com.qa.testcases.TestBannerClick"/>
  <testcase name="BannerclickWithLogin" time="13.242" classname="com.qa.testcases.TestBannerClick"/>
  <testcase name="BannerclickWithLoginOne" time="12.782" classname="com.qa.testcases.TestBannerClick"/>
</testsuite> <!-- Test4 -->
