<?xml version="1.0" encoding="UTF-8"?>
<!-- Generated by org.testng.reporters.JUnitXMLReporter -->
<testsuite hostname="EMB-BAN-168" ignored="0" name="Test1" tests="4" failures="0" timestamp="20 Jul 2018 10:37:44 GMT" time="91.989" errors="0">
  <testcase name="coverStoryEmailLogin" time="11.856" classname="com.qa.testcases.TestCswLogin"/>
  <testcase name="coverStoryPhoneLogin" time="11.508" classname="com.qa.testcases.TestCswLogin"/>
  <testcase name="coverStorygoogleplusLogin" time="22.037" classname="com.qa.testcases.TestCswLogin"/>
  <testcase name="coverStoryFacebookLogin" time="24.069" classname="com.qa.testcases.TestCswLogin"/>
</testsuite> <!-- Test1 -->
