<?xml version="1.0" encoding="UTF-8"?>
<!-- Generated by org.testng.reporters.JUnitXMLReporter -->
<testsuite hostname="EMB-BAN-168" ignored="0" name="Test3" tests="3" failures="0" timestamp="23 Jul 2018 13:17:15 GMT" time="227.79" errors="0">
  <testcase name="AddToWishlistQuickviewLogin" time="52.604" classname="com.qa.testcases.TestAddWishlist"/>
  <testcase name="AddToWishlistPLP" time="41.939" classname="com.qa.testcases.TestAddWishlist"/>
  <testcase name="AddToWishlistPDP" time="43.546" classname="com.qa.testcases.TestAddWishlist"/>
</testsuite> <!-- Test3 -->
